[devops-api]2021/10/12 - 09:32:53.526	[34minfo[0m	register table success
[devops-api]2021/10/12 - 09:32:53.529	[34minfo[0m	redis connect ping response:	{"pong": "PONG"}
[devops-api]2021/10/12 - 09:32:53.533	[34minfo[0m	use middleware logger
[devops-api]2021/10/12 - 09:32:53.533	[34minfo[0m	register swagger handler
[devops-api]2021/10/12 - 09:32:53.534	[34minfo[0m	router register success
[devops-api]2021/10/12 - 09:32:53.534	[34minfo[0m	server run success on 	{"address": ":8888"}
[devops-api]2021/10/12 - 09:34:43.263	[31merror[0m	accept tcp [::]:8888: use of closed network connection
[devops-api]2021/10/12 - 09:34:47.760	[34minfo[0m	register table success
[devops-api]2021/10/12 - 09:34:47.764	[34minfo[0m	redis connect ping response:	{"pong": "PONG"}
[devops-api]2021/10/12 - 09:34:47.767	[34minfo[0m	use middleware logger
[devops-api]2021/10/12 - 09:34:47.767	[34minfo[0m	use middleware cors
[devops-api]2021/10/12 - 09:34:47.767	[34minfo[0m	register swagger handler
[devops-api]2021/10/12 - 09:34:47.768	[34minfo[0m	router register success
[devops-api]2021/10/12 - 09:34:47.768	[34minfo[0m	server run success on 	{"address": ":8888"}
[devops-api]2021/10/12 - 10:26:02.599	[31merror[0m	accept tcp [::]:8888: use of closed network connection
[devops-api]2021/10/12 - 10:26:07.397	[34minfo[0m	register table success
[devops-api]2021/10/12 - 10:26:07.406	[34minfo[0m	redis connect ping response:	{"pong": "PONG"}
[devops-api]2021/10/12 - 10:26:07.410	[34minfo[0m	use middleware logger
[devops-api]2021/10/12 - 10:26:07.410	[34minfo[0m	use middleware cors
[devops-api]2021/10/12 - 10:26:07.410	[34minfo[0m	register swagger handler
[devops-api]2021/10/12 - 10:26:07.411	[34minfo[0m	router register success
[devops-api]2021/10/12 - 10:26:07.412	[34minfo[0m	server run success on 	{"address": ":8888"}
[devops-api]2021/10/12 - 10:26:21.948	[31merror[0m	登陆失败! 用户名不存在或者密码错误!	{"err": "record not found"}
[devops-api]2021/10/12 - 10:26:56.898	[31merror[0m	accept tcp [::]:8888: use of closed network connection
[devops-api]2021/10/12 - 10:27:00.969	[34minfo[0m	register table success
[devops-api]2021/10/12 - 10:27:00.973	[34minfo[0m	redis connect ping response:	{"pong": "PONG"}
[devops-api]2021/10/12 - 10:27:00.976	[34minfo[0m	use middleware logger
[devops-api]2021/10/12 - 10:27:00.976	[34minfo[0m	use middleware cors
[devops-api]2021/10/12 - 10:27:00.977	[34minfo[0m	register swagger handler
[devops-api]2021/10/12 - 10:27:00.977	[34minfo[0m	router register success
[devops-api]2021/10/12 - 10:27:00.977	[34minfo[0m	server run success on 	{"address": ":8888"}
[devops-api]2021/10/12 - 10:29:36.865	[34minfo[0m	register table success
[devops-api]2021/10/12 - 10:29:36.870	[34minfo[0m	redis connect ping response:	{"pong": "PONG"}
[devops-api]2021/10/12 - 10:29:36.874	[34minfo[0m	use middleware logger
[devops-api]2021/10/12 - 10:29:36.874	[34minfo[0m	use middleware cors
[devops-api]2021/10/12 - 10:29:36.874	[34minfo[0m	register swagger handler
[devops-api]2021/10/12 - 10:29:36.874	[34minfo[0m	router register success
[devops-api]2021/10/12 - 10:29:36.874	[34minfo[0m	server run success on 	{"address": ":8888"}
[devops-api]2021/10/12 - 10:31:45.583	[34minfo[0m	register table success
[devops-api]2021/10/12 - 10:31:45.587	[34minfo[0m	redis connect ping response:	{"pong": "PONG"}
[devops-api]2021/10/12 - 10:31:45.590	[34minfo[0m	use middleware logger
[devops-api]2021/10/12 - 10:31:45.590	[34minfo[0m	use middleware cors
[devops-api]2021/10/12 - 10:31:45.591	[34minfo[0m	register swagger handler
[devops-api]2021/10/12 - 10:31:45.591	[34minfo[0m	router register success
[devops-api]2021/10/12 - 10:31:45.591	[34minfo[0m	server run success on 	{"address": ":8888"}
[devops-api]2021/10/12 - 10:33:25.126	[34minfo[0m	register table success
[devops-api]2021/10/12 - 10:33:25.130	[34minfo[0m	redis connect ping response:	{"pong": "PONG"}
[devops-api]2021/10/12 - 10:33:25.133	[34minfo[0m	use middleware logger
[devops-api]2021/10/12 - 10:33:25.133	[34minfo[0m	use middleware cors
[devops-api]2021/10/12 - 10:33:25.134	[34minfo[0m	register swagger handler
[devops-api]2021/10/12 - 10:33:25.134	[34minfo[0m	router register success
[devops-api]2021/10/12 - 10:33:25.134	[34minfo[0m	server run success on 	{"address": ":8888"}
[devops-api]2021/10/12 - 10:59:11.954	[34minfo[0m	register table success
[devops-api]2021/10/12 - 10:59:11.958	[34minfo[0m	redis connect ping response:	{"pong": "PONG"}
[devops-api]2021/10/12 - 10:59:11.961	[34minfo[0m	use middleware logger
[devops-api]2021/10/12 - 10:59:11.961	[34minfo[0m	use middleware cors
[devops-api]2021/10/12 - 10:59:11.962	[34minfo[0m	register swagger handler
[devops-api]2021/10/12 - 10:59:11.962	[34minfo[0m	router register success
[devops-api]2021/10/12 - 10:59:11.962	[34minfo[0m	server run success on 	{"address": ":8888"}
[devops-api]2021/10/12 - 20:16:36.120	[34minfo[0m	register table success
[devops-api]2021/10/12 - 20:16:36.125	[34minfo[0m	redis connect ping response:	{"pong": "PONG"}
[devops-api]2021/10/12 - 20:16:36.128	[34minfo[0m	use middleware logger
[devops-api]2021/10/12 - 20:16:36.128	[34minfo[0m	use middleware cors
[devops-api]2021/10/12 - 20:16:36.128	[34minfo[0m	register swagger handler
[devops-api]2021/10/12 - 20:16:36.129	[34minfo[0m	router register success
[devops-api]2021/10/12 - 20:16:36.129	[34minfo[0m	server run success on 	{"address": ":8888"}
[devops-api]2021/10/12 - 20:22:59.446	[34minfo[0m	register table success
[devops-api]2021/10/12 - 20:22:59.450	[34minfo[0m	redis connect ping response:	{"pong": "PONG"}
[devops-api]2021/10/12 - 20:22:59.454	[34minfo[0m	use middleware logger
[devops-api]2021/10/12 - 20:22:59.454	[34minfo[0m	use middleware cors
[devops-api]2021/10/12 - 20:22:59.454	[34minfo[0m	register swagger handler
[devops-api]2021/10/12 - 20:22:59.455	[34minfo[0m	router register success
[devops-api]2021/10/12 - 20:22:59.455	[34minfo[0m	server run success on 	{"address": ":8888"}
[devops-api]2021/10/12 - 20:23:05.046	[31merror[0m	创建失败!	{"err": "项目名已存在"}
[devops-api]2021/10/12 - 20:26:14.352	[34minfo[0m	register table success
[devops-api]2021/10/12 - 20:26:14.356	[34minfo[0m	redis connect ping response:	{"pong": "PONG"}
[devops-api]2021/10/12 - 20:26:14.360	[34minfo[0m	use middleware logger
[devops-api]2021/10/12 - 20:26:14.360	[34minfo[0m	use middleware cors
[devops-api]2021/10/12 - 20:26:14.360	[34minfo[0m	register swagger handler
[devops-api]2021/10/12 - 20:26:14.360	[34minfo[0m	router register success
[devops-api]2021/10/12 - 20:26:14.360	[34minfo[0m	server run success on 	{"address": ":8888"}
[devops-api]2021/10/12 - 20:27:06.894	[34minfo[0m	register table success
[devops-api]2021/10/12 - 20:27:06.898	[34minfo[0m	redis connect ping response:	{"pong": "PONG"}
[devops-api]2021/10/12 - 20:27:06.901	[34minfo[0m	use middleware logger
[devops-api]2021/10/12 - 20:27:06.901	[34minfo[0m	use middleware cors
[devops-api]2021/10/12 - 20:27:06.901	[34minfo[0m	register swagger handler
[devops-api]2021/10/12 - 20:27:06.902	[34minfo[0m	router register success
[devops-api]2021/10/12 - 20:27:06.902	[34minfo[0m	server run success on 	{"address": ":8888"}
[devops-api]2021/10/12 - 20:30:11.351	[34minfo[0m	register table success
[devops-api]2021/10/12 - 20:30:11.354	[34minfo[0m	redis connect ping response:	{"pong": "PONG"}
[devops-api]2021/10/12 - 20:30:11.358	[34minfo[0m	use middleware logger
[devops-api]2021/10/12 - 20:30:11.358	[34minfo[0m	use middleware cors
[devops-api]2021/10/12 - 20:30:11.358	[34minfo[0m	register swagger handler
[devops-api]2021/10/12 - 20:30:11.358	[34minfo[0m	router register success
[devops-api]2021/10/12 - 20:30:11.358	[34minfo[0m	server run success on 	{"address": ":8888"}
[devops-api]2021/10/12 - 20:39:38.700	[34minfo[0m	register table success
[devops-api]2021/10/12 - 20:39:38.704	[34minfo[0m	redis connect ping response:	{"pong": "PONG"}
[devops-api]2021/10/12 - 20:39:38.708	[34minfo[0m	use middleware logger
[devops-api]2021/10/12 - 20:39:38.708	[34minfo[0m	use middleware cors
[devops-api]2021/10/12 - 20:39:38.708	[34minfo[0m	register swagger handler
[devops-api]2021/10/12 - 20:39:38.708	[34minfo[0m	router register success
[devops-api]2021/10/12 - 20:39:38.708	[34minfo[0m	server run success on 	{"address": ":8888"}
[devops-api]2021/10/12 - 20:41:00.701	[34minfo[0m	register table success
[devops-api]2021/10/12 - 20:41:00.705	[34minfo[0m	redis connect ping response:	{"pong": "PONG"}
[devops-api]2021/10/12 - 20:41:00.709	[34minfo[0m	use middleware logger
[devops-api]2021/10/12 - 20:41:00.709	[34minfo[0m	use middleware cors
[devops-api]2021/10/12 - 20:41:00.709	[34minfo[0m	register swagger handler
[devops-api]2021/10/12 - 20:41:00.709	[34minfo[0m	router register success
[devops-api]2021/10/12 - 20:41:00.710	[34minfo[0m	server run success on 	{"address": ":8888"}
[devops-api]2021/10/12 - 20:41:46.438	[31merror[0m	修改失败!	{"err": "record not found"}
[devops-api]2021/10/12 - 20:43:28.923	[34minfo[0m	register table success
[devops-api]2021/10/12 - 20:43:28.926	[34minfo[0m	redis connect ping response:	{"pong": "PONG"}
[devops-api]2021/10/12 - 20:43:28.930	[34minfo[0m	use middleware logger
[devops-api]2021/10/12 - 20:43:28.930	[34minfo[0m	use middleware cors
[devops-api]2021/10/12 - 20:43:28.930	[34minfo[0m	register swagger handler
[devops-api]2021/10/12 - 20:43:28.930	[34minfo[0m	router register success
[devops-api]2021/10/12 - 20:43:28.930	[34minfo[0m	server run success on 	{"address": ":8888"}
[devops-api]2021/10/12 - 21:06:16.396	[34minfo[0m	register table success
[devops-api]2021/10/12 - 21:06:16.400	[34minfo[0m	redis connect ping response:	{"pong": "PONG"}
[devops-api]2021/10/12 - 21:06:16.403	[34minfo[0m	use middleware logger
[devops-api]2021/10/12 - 21:06:16.403	[34minfo[0m	use middleware cors
[devops-api]2021/10/12 - 21:06:16.403	[34minfo[0m	register swagger handler
[devops-api]2021/10/12 - 21:06:16.404	[34minfo[0m	router register success
[devops-api]2021/10/12 - 21:06:16.404	[34minfo[0m	server run success on 	{"address": ":8888"}
[devops-api]2021/10/12 - 21:10:00.029	[31merror[0m	accept tcp [::]:8888: use of closed network connection
[devops-api]2021/10/12 - 21:10:04.883	[34minfo[0m	register table success
[devops-api]2021/10/12 - 21:10:04.887	[34minfo[0m	redis connect ping response:	{"pong": "PONG"}
[devops-api]2021/10/12 - 21:10:04.890	[34minfo[0m	use middleware logger
[devops-api]2021/10/12 - 21:10:04.890	[34minfo[0m	use middleware cors
[devops-api]2021/10/12 - 21:10:04.891	[34minfo[0m	register swagger handler
[devops-api]2021/10/12 - 21:10:04.891	[34minfo[0m	router register success
[devops-api]2021/10/12 - 21:10:04.891	[34minfo[0m	server run success on 	{"address": ":8888"}
[devops-api]2021/10/12 - 21:10:06.309	[31merror[0m	accept tcp [::]:8888: use of closed network connection
[devops-api]2021/10/12 - 21:10:15.171	[34minfo[0m	register table success
[devops-api]2021/10/12 - 21:10:15.174	[34minfo[0m	redis connect ping response:	{"pong": "PONG"}
[devops-api]2021/10/12 - 21:10:15.178	[34minfo[0m	use middleware logger
[devops-api]2021/10/12 - 21:10:15.178	[34minfo[0m	use middleware cors
[devops-api]2021/10/12 - 21:10:15.178	[34minfo[0m	register swagger handler
[devops-api]2021/10/12 - 21:10:15.178	[34minfo[0m	router register success
[devops-api]2021/10/12 - 21:10:15.178	[34minfo[0m	server run success on 	{"address": ":8888"}
[devops-api]2021/10/12 - 21:11:20.021	[31merror[0m	accept tcp [::]:8888: use of closed network connection
[devops-api]2021/10/12 - 21:11:24.476	[34minfo[0m	register table success
[devops-api]2021/10/12 - 21:11:24.480	[34minfo[0m	redis connect ping response:	{"pong": "PONG"}
[devops-api]2021/10/12 - 21:11:24.483	[34minfo[0m	use middleware logger
[devops-api]2021/10/12 - 21:11:24.483	[34minfo[0m	use middleware cors
[devops-api]2021/10/12 - 21:11:24.483	[34minfo[0m	register swagger handler
[devops-api]2021/10/12 - 21:11:24.484	[34minfo[0m	router register success
[devops-api]2021/10/12 - 21:11:24.484	[34minfo[0m	server run success on 	{"address": ":8888"}
[devops-api]2021/10/12 - 21:11:56.653	[31merror[0m	accept tcp [::]:8888: use of closed network connection
